============================================================
  Generated by:           Genus(TM) Synthesis Solution 21.14-s082_1
  Generated on:           Mar 13 2026  07:25:46 am
  Module:                 carry_save_adder_16bit
  Operating conditions:   slow (balanced_tree)
  Wireload mode:          enclosed
  Area mode:              timing library
============================================================

       Instance            Module     Cell Count  Cell Area  Net Area   Total Area   Wireload  
-----------------------------------------------------------------------------------------------
carry_save_adder_16bit                       102    696.348     0.000      696.348 <none> (D)  
  csa_stage[0].fa      full_adder              1     19.679     0.000       19.679 <none> (D)  
  csa_stage[1].fa      full_adder_45           1     19.679     0.000       19.679 <none> (D)  
  csa_stage[2].fa      full_adder_44           1     19.679     0.000       19.679 <none> (D)  
  csa_stage[3].fa      full_adder_43           1     19.679     0.000       19.679 <none> (D)  
  csa_stage[4].fa      full_adder_42           1     19.679     0.000       19.679 <none> (D)  
  csa_stage[5].fa      full_adder_41           1     19.679     0.000       19.679 <none> (D)  
  csa_stage[6].fa      full_adder_40           1     19.679     0.000       19.679 <none> (D)  
  csa_stage[7].fa      full_adder_39           1     19.679     0.000       19.679 <none> (D)  
  csa_stage[8].fa      full_adder_38           1     19.679     0.000       19.679 <none> (D)  
  csa_stage[9].fa      full_adder_37           1     19.679     0.000       19.679 <none> (D)  
  csa_stage[10].fa     full_adder_36           1     19.679     0.000       19.679 <none> (D)  
  csa_stage[11].fa     full_adder_35           1     19.679     0.000       19.679 <none> (D)  
  csa_stage[12].fa     full_adder_34           1     19.679     0.000       19.679 <none> (D)  
  csa_stage[13].fa     full_adder_33           1     19.679     0.000       19.679 <none> (D)  
  csa_stage[14].fa     full_adder_32           1     19.679     0.000       19.679 <none> (D)  
  csa_stage[15].fa     full_adder_31           1     19.679     0.000       19.679 <none> (D)  
  (D) = wireload is default in technology library
