============================================================
  Generated by:           Genus(TM) Synthesis Solution 21.14-s082_1
  Generated on:           Mar 13 2026  07:25:46 am
  Module:                 carry_save_adder_16bit
  Operating conditions:   slow (balanced_tree)
  Wireload mode:          enclosed
  Area mode:              timing library
============================================================

                              
   Gate    Instances   Area   Library 
--------------------------------------
ADDFX1             4   78.718    slow 
ADDFXL            14  275.512    slow 
ADDHX2             1   14.381    slow 
AND2XL             1    4.541    slow 
AOI21X1            1    4.541    slow 
CLKINVX1           2    4.541    slow 
CLKXOR2X2          1    9.083    slow 
INVXL              1    2.271    slow 
MX2X1              1    6.812    slow 
NAND2BX1           9   40.873    slow 
NAND2X1            1    3.784    slow 
NAND2XL           26   78.718    slow 
NOR2BX1            1    4.541    slow 
NOR2BXL            1    4.541    slow 
NOR2XL            14   42.386    slow 
OA21X1             1    6.812    slow 
OAI211X1           1    5.298    slow 
OAI21X1           15   68.121    slow 
OAI221X1           1    7.569    slow 
OAI2BB1X1          3   15.895    slow 
OR2X1              1    4.541    slow 
OR2XL              1    4.541    slow 
XNOR2X1            1    8.326    slow 
--------------------------------------
total            102  696.348         


                                        
     Type      Instances   Area  Area % 
----------------------------------------
inverter               3   6.812    1.0 
logic                 99 689.536   99.0 
physical_cells         0   0.000    0.0 
----------------------------------------
total                102 696.348  100.0 

