============================================================
  Generated by:           Genus(TM) Synthesis Solution 21.14-s082_1
  Generated on:           Mar 13 2026  07:25:46 am
  Module:                 carry_save_adder_16bit
  Operating conditions:   slow (balanced_tree)
  Wireload mode:          enclosed
  Area mode:              timing library
============================================================


Path 1: MET (12 ps) Late External Delay Assertion at pin final_sum[16]
          Group: vclk
     Startpoint: (F) a[1]
          Clock: (R) vclk
       Endpoint: (F) final_sum[16]
          Clock: (R) vclk

                     Capture       Launch     
        Clock Edge:+    5000            0     
        Drv Adjust:+       0            0     
       Src Latency:+       0            0     
       Net Latency:+       0 (I)        0 (I) 
           Arrival:=    5000            0     
                                              
      Output Delay:-    1000                  
     Required Time:=    4000                  
      Launch Clock:-       0                  
       Input Delay:-    1000                  
         Data Path:-    2988                  
             Slack:=      12                  

Exceptions/Constraints:
  input_delay              1000            CSA.sdc_line_16_14_1 
  output_delay             1000            CSA.sdc_line_22_43_1 

#-------------------------------------------------------------------------------------------------
#      Timing Point       Flags    Arc   Edge   Cell     Fanout Load Trans Delay Arrival Instance 
#                                                               (fF)  (ps)  (ps)   (ps)  Location 
#-------------------------------------------------------------------------------------------------
  a[1]                    -       -      F     (arrival)      1  6.2   100     0    1000    (-,-) 
  csa_stage[1].fa/g92/S   -       B->S   R     ADDFXL         2  4.4   115   388    1388    (-,-) 
  add_47_42_g651__9945/Y  -       B->Y   F     NAND2X1        4  8.7   143   130    1519    (-,-) 
  add_47_42_g607__3680/Y  -       A1->Y  R     OAI21X1        2  4.5   126   131    1650    (-,-) 
  add_47_42_g606/Y        -       A->Y   F     CLKINVX1       2  4.4    63    60    1710    (-,-) 
  add_47_42_g604__5526/Y  -       A1->Y  R     OAI21X1        4  7.8   166   144    1854    (-,-) 
  add_47_42_g603__8428/Y  -       B->Y   F     NAND2XL        1  2.9   115   110    1964    (-,-) 
  add_47_42_g600__5107/Y  -       C0->Y  R     OAI211X1       1  4.9   151    87    2050    (-,-) 
  add_47_42_g596__7410/CO -       CI->CO R     ADDFX1         1  4.9    95   249    2299    (-,-) 
  add_47_42_g595__1666/CO -       CI->CO R     ADDFX1         3  7.2   112   253    2552    (-,-) 
  add_47_42_g594__2346/Y  -       B->Y   F     NAND2BX1       2  4.4    93    92    2644    (-,-) 
  add_47_42_g590__6161/Y  -       A1->Y  R     OAI221X1       4  8.9   235   192    2836    (-,-) 
  add_47_42_g584__7098/Y  -       A1->Y  F     AOI21X1        1  2.7   118   110    2945    (-,-) 
  add_47_42_g581__1705/Y  -       A1->Y  R     OAI21X1        3  7.2   162   153    3098    (-,-) 
  add_47_42_g579__1617/Y  -       B->Y   F     NAND2BX1       2  3.4    95    91    3189    (-,-) 
  add_47_42_g576__5526/Y  -       B->Y   R     NOR2XL         2  3.4   129   122    3311    (-,-) 
  add_47_42_g575__8428/Y  -       B->Y   F     NOR2XL         1  2.7    71    66    3377    (-,-) 
  add_47_42_g568__7410/Y  -       A1->Y  R     OAI21X1        1  1.7    83    79    3456    (-,-) 
  add_47_42_g566__2346/Y  -       A1N->Y R     OAI2BB1X1      1  5.3    82   163    3619    (-,-) 
  add_47_42_g565__2883/S  -       B->S   F     ADDHX2         1 50.0   220   369    3988    (-,-) 
  final_sum[16]           <<<     -      F     (port)         -    -     -     0    3988    (-,-) 
#-------------------------------------------------------------------------------------------------

